Build started 7/19/2011 3:52:56 AM.
     1>Project "c:\documents and settings\Zak\my documents\visual studio 2010\Projects\Quest 3.0\Quest 3.0\Quest 3.0.vcxproj" on node 2 (build target(s)).
     1>PrepareForBuild:
         Creating directory "c:\documents and settings\zak\my documents\visual studio 2010\Projects\Quest 3.0\Debug\".
       InitializeBuildStatus:
         Creating "Debug\Quest 3.0.unsuccessfulbuild" because "AlwaysCreate" was specified.
       ClCompile:
         c:\Program Files\Microsoft Visual Studio 10.0\VC\bin\CL.exe /c /ZI /nologo /W3 /WX- /Od /Oy- /D _MBCS /Gm /EHsc /RTC1 /MDd /GS /fp:precise /Zc:wchar_t /Zc:forScope /Fo"Debug\\" /Fd"Debug\vc100.pdb" /Gd /TP /analyze- /errorReport:prompt "..\..\..\..\..\Desktop\Downloads\Programs Created\Quest 3.0\Friend_Functions.cpp" "..\..\..\..\..\Desktop\Downloads\Programs Created\Quest 3.0\main.cpp" "..\..\..\..\..\Desktop\Downloads\Programs Created\Quest 3.0\User.cpp"
         User.cpp
     1>c:\documents and settings\zak\desktop\downloads\programs created\quest 3.0\user.h(1): fatal error C1016: #if[n]def expected an identifier
         main.cpp
         Friend_Functions.cpp
     1>c:\documents and settings\zak\desktop\downloads\programs created\quest 3.0\friend_functions.cpp(1): fatal error C1083: Cannot open include file: 'Friend_Function.h': No such file or directory
         Generating Code...
     1>Done Building Project "c:\documents and settings\Zak\my documents\visual studio 2010\Projects\Quest 3.0\Quest 3.0\Quest 3.0.vcxproj" (build target(s)) -- FAILED.

Build FAILED.

Time Elapsed 00:00:05.62
